<component name="libraryTable">
  <library name="junit4">
    <CLASSES>
      <root url="file://$USER_HOME$/Downloads/jar_files" />
    </CLASSES>
    <JAVADOC />
    <SOURCES />
    <jarDirectory url="file://$USER_HOME$/Downloads/jar_files" recursive="false" />
  </library>
</component>